<?xml version="1.0" encoding="UTF-8"?>
<!-- Generated by org.testng.reporters.JUnitReportReporter -->
<testsuite hostname="rayyxdbtw" failures="0" tests="4" name="Tests.TestSuite" time="0.022" errors="0" timestamp="2025-01-29T17:58:03 GMT+05:00" skipped="0">
  <testcase classname="Tests.TestSuite" name="test2" time="0.001"/>
  <system-out>
    <![CDATA[Test 2 executed]]>
  </system-out>
  <testcase classname="Tests.TestSuite" name="test3" time="0.007"/>
  <system-out>
    <![CDATA[Test 3 executed]]>
  </system-out>
  <testcase classname="Tests.TestSuite" name="test4" time="0.002"/>
  <system-out>
    <![CDATA[Test 4 executed]]>
  </system-out>
  <testcase classname="Tests.TestSuite" name="test1" time="0.012"/>
  <system-out>
    <![CDATA[Test 1 executed]]>
  </system-out>
</testsuite> <!-- Tests.TestSuite -->
